<?xml version="1.0" encoding="UTF-8"?>
<testng-results skipped="0" failed="0" ignored="0" total="0" passed="0">
  <reporter-output>
  </reporter-output>
  <suite name="e_bankingV1.e_bankingV1.AppTest" duration-ms="8" started-at="2019-07-11T10:21:05Z" finished-at="2019-07-11T10:21:05Z">
    <groups>
    </groups>
    <test name="Command line test" duration-ms="8" started-at="2019-07-11T10:21:05Z" finished-at="2019-07-11T10:21:05Z">
    </test> <!-- Command line test -->
  </suite> <!-- e_bankingV1.e_bankingV1.AppTest -->
</testng-results>
